
SQL*Loader: Release 11.1.0.6.0 - Production on Пн Май 25 17:35:50 2015

Copyright (c) 1982, 2007, Oracle.  All rights reserved.

Управляющий файл:      C:\111\ctl.ctl
Файл данных:           C:\111\j1.csv
  Файл плохих записей: C:\111\bad.csv
  Файл удаленных записей:  ничего не задано
 
 (Разрешить удалять все записи)

Количество записей для загрузки: ALL
Количество записей для пропуска: 0
Допускается ошибок: 50
Массив привязки:64 строк, макс. из 256000 байт
Продолжение:    ничего не задано
Использован маршрут:      Условный

Таблица NEPRINTSEV_IA.JOURNAL2, загружен из каждой логической записи.
Режим вставки действует для этой таблицы: REPLACE
Действует опция TRAILING NULLCOLS

   Имя столбца                  Позиция    Дл.  Огр. Вкл Тип данных
------------------------------ ---------- ----- ---- ---- ---------------------
ID                                  FIRST     *   |  O(") CHARACTER            
CREATE_DATE                          NEXT     *   |  O(") DATE DD.MM.YYYY      
TT_FACT_NAME                         NEXT     *   |  O(") CHARACTER            
TT_UR_NAME                           NEXT     *   |  O(") CHARACTER            
TT_CITY_RU                           NEXT     *   |  O(") CHARACTER            
TT_ADDRESS                           NEXT     *   |  O(") CHARACTER            
TT_CODE                              NEXT     *   |  O(") CHARACTER            
TC_CODE                              NEXT     *   |  O(") CHARACTER            
WORK_DIRECTION                       NEXT     *   |  O(") CHARACTER            
MCC                                  NEXT     *   |  O(") CHARACTER            
TC_MANAGER_CODE                      NEXT     *   |  O(") CHARACTER            
PROCESSING_DEVICES                   NEXT     *   |  O(") CHARACTER            
TERMINAL_BANK                        NEXT     *   |  O(") CHARACTER            
INN                                  NEXT     *   |  O(") CHARACTER            
CLISHE_SEND_DATE                     NEXT     *   |  O(") DATE DD.MM.YYYY      
VISA_FEE                             NEXT     *   |  O(") CHARACTER            
    Строка SQL для столбца : "TO_NUMBER(replace(:VISA_FEE,'.',','))"
MC_FEE                               NEXT     *   |  O(") CHARACTER            
    Строка SQL для столбца : "TO_NUMBER(replace(:MC_FEE,'.',','))"
AMEX_FEE                             NEXT     *   |  O(") CHARACTER            
    Строка SQL для столбца : "TO_NUMBER(replace(:AMEX_FEE,'.',','))"
DCI_FEE                              NEXT     *   |  O(") CHARACTER            
    Строка SQL для столбца : "TO_NUMBER(replace(:DCI_FEE,'.',','))"
JCB_FEE                              NEXT     *   |  O(") CHARACTER            
    Строка SQL для столбца : "TO_NUMBER(replace(:JCB_FEE,'.',','))"
CHINA_FEE                            NEXT     *   |  O(") CHARACTER            
    Строка SQL для столбца : "TO_NUMBER(replace(:CHINA_FEE,'.',','))"
GOLD_COR_FEE                         NEXT     *   |  O(") CHARACTER            
    Строка SQL для столбца : "TO_NUMBER(replace(:GOLD_COR_FEE,'.',','))"
RS_FEE                               NEXT     *   |  O(") CHARACTER            
    Строка SQL для столбца : "TO_NUMBER(replace(:RS_FEE,'.',','))"
WEBMONEY_FEE                         NEXT     *   |  O(") CHARACTER            
    Строка SQL для столбца : "TO_NUMBER(replace(:WEBMONEY_FEE,'.',','))"
ON_US_FEE                            NEXT     *   |  O(") CHARACTER            
    Строка SQL для столбца : "TO_NUMBER(replace(:ON_US_FEE,'.',','))"
TSP_STATUS                           NEXT     *   |  O(") CHARACTER            
TSP_CLOSE_DATE                       NEXT     *   |  O(") DATE DD.MM.YYYY      
INSERT_DATE                                               SYSDATE

значение, использующееся для параметра ROWS, изменилось с 64 на 36
Запись 22880: Забракована - Ошибка в таблице NEPRINTSEV_IA.JOURNAL2, столбце GOLD_COR_FEE.
ORA-01722: неверное число

Запись 22881: Забракована - Ошибка в таблице NEPRINTSEV_IA.JOURNAL2, столбце GOLD_COR_FEE.
ORA-01722: неверное число

Запись 22882: Забракована - Ошибка в таблице NEPRINTSEV_IA.JOURNAL2, столбце GOLD_COR_FEE.
ORA-01722: неверное число

Запись 76354: Забракована - Ошибка в таблице NEPRINTSEV_IA.JOURNAL2, столбце AMEX_FEE.
ORA-01722: неверное число

Запись 78134: Забракована - Ошибка в таблице NEPRINTSEV_IA.JOURNAL2, столбце AMEX_FEE.
ORA-01722: неверное число

Запись 80884: Забракована - Ошибка в таблице NEPRINTSEV_IA.JOURNAL2, столбце AMEX_FEE.
ORA-01722: неверное число

Запись 101082: Забракована - Ошибка в таблице NEPRINTSEV_IA.JOURNAL2, столбце CHINA_FEE.
ORA-01722: неверное число

Запись 101083: Забракована - Ошибка в таблице NEPRINTSEV_IA.JOURNAL2, столбце CHINA_FEE.
ORA-01722: неверное число

Запись 101084: Забракована - Ошибка в таблице NEPRINTSEV_IA.JOURNAL2, столбце CHINA_FEE.
ORA-01722: неверное число

Запись 101085: Забракована - Ошибка в таблице NEPRINTSEV_IA.JOURNAL2, столбце CHINA_FEE.
ORA-01722: неверное число

Запись 101086: Забракована - Ошибка в таблице NEPRINTSEV_IA.JOURNAL2, столбце CHINA_FEE.
ORA-01722: неверное число

Запись 102759: Забракована - Ошибка в таблице NEPRINTSEV_IA.JOURNAL2, столбце GOLD_COR_FEE.
ORA-01722: неверное число

Запись 102760: Забракована - Ошибка в таблице NEPRINTSEV_IA.JOURNAL2, столбце GOLD_COR_FEE.
ORA-01722: неверное число

Запись 102761: Забракована - Ошибка в таблице NEPRINTSEV_IA.JOURNAL2, столбце GOLD_COR_FEE.
ORA-01722: неверное число

Запись 107898: Забракована - Ошибка в таблице NEPRINTSEV_IA.JOURNAL2, столбце AMEX_FEE.
ORA-01722: неверное число

Запись 109009: Забракована - Ошибка в таблице NEPRINTSEV_IA.JOURNAL2, столбце AMEX_FEE.
ORA-01722: неверное число

Запись 165370: Забракована - Ошибка в таблице NEPRINTSEV_IA.JOURNAL2, столбце VISA_FEE.
ORA-01722: неверное число

Запись 166543: Забракована - Ошибка в таблице NEPRINTSEV_IA.JOURNAL2, столбце VISA_FEE.
ORA-01722: неверное число

Запись 167623: Забракована - Ошибка в таблице NEPRINTSEV_IA.JOURNAL2, столбце JCB_FEE.
ORA-01722: неверное число

Запись 172908: Забракована - Ошибка в таблице NEPRINTSEV_IA.JOURNAL2, столбце JCB_FEE.
ORA-01722: неверное число

Запись 176014: Забракована - Ошибка в таблице NEPRINTSEV_IA.JOURNAL2, столбце AMEX_FEE.
ORA-01722: неверное число

Запись 176538: Забракована - Ошибка в таблице NEPRINTSEV_IA.JOURNAL2, столбце JCB_FEE.
ORA-01722: неверное число

Запись 177984: Забракована - Ошибка в таблице NEPRINTSEV_IA.JOURNAL2, столбце ID.
Поле в файле данных превышает максимальный размер
Запись 181275: Забракована - Ошибка в таблице NEPRINTSEV_IA.JOURNAL2, столбце ID.
ORA-01722: неверное число

Запись 181662: Забракована - Ошибка в таблице NEPRINTSEV_IA.JOURNAL2, столбце ID.
ORA-01722: неверное число

Запись 183481: Забракована - Ошибка в таблице NEPRINTSEV_IA.JOURNAL2, столбце ID.
ORA-01722: неверное число

Запись 183672: Забракована - Ошибка в таблице NEPRINTSEV_IA.JOURNAL2, столбце ID.
Поле в файле данных превышает максимальный размер
Запись 183728: Забракована - Ошибка в таблице NEPRINTSEV_IA.JOURNAL2, столбце CHINA_FEE.
ORA-01722: неверное число

Запись 183733: Забракована - Ошибка в таблице NEPRINTSEV_IA.JOURNAL2, столбце ID.
ORA-01722: неверное число

Запись 183737: Забракована - Ошибка в таблице NEPRINTSEV_IA.JOURNAL2, столбце ID.
ORA-01722: неверное число

Запись 183961: Забракована - Ошибка в таблице NEPRINTSEV_IA.JOURNAL2, столбце ID.
ORA-01722: неверное число

Запись 184540: Забракована - Ошибка в таблице NEPRINTSEV_IA.JOURNAL2, столбце JCB_FEE.
ORA-01722: неверное число


Таблица NEPRINTSEV_IA.JOURNAL2:
  184636 Строки успешно загружено.
  32 Строки не загружены из-за ошибки в данных.
  0 Строки не загружены из-за сбоев во всех фразах WHEN.
  0 Строки не загружены из-за того, что все поля были пусты.


Для массива привязки отведено:                 250776 байт(36 строк)
Байтов буфера чтения: 1048576

Всего пропущено логических записей:          0
Всего прочитано логических записей:       184668
Всего забраковано логических записей:       32
Всего удалено логических записей:        0

Прогон начался в Пн Май 25 17:35:50 2015
Прогон кончился в Пн Май 25 17:40:47 2015

Общее время:          00:04:56.99
Процессорное время:   00:00:03.65
